build/app/intermediates/manifest_merge_blame_file/release/manifest-merger-blame-release-report.txt
1<?xml version="1.0" encoding="utf-8"?>
2<manifest xmlns:android="http://schemas.android.com/apk/res/android"
3    package="com.example.pueblo_vista"
4    android:versionCode="1"
5    android:versionName="1.0.0" >
6
7    <uses-sdk
8        android:minSdkVersion="16"
8-->src\main\AndroidManifest.xml
9        android:targetSdkVersion="31" />
9-->src\main\AndroidManifest.xml
10
11    <uses-permission android:name="android.permission.INTERNET" />
11-->src\main\AndroidManifest.xml:4:5-66
11-->src\main\AndroidManifest.xml:4:22-64
12    <uses-permission android:name="android.permission.WAKE_LOCK" />
12-->src\main\AndroidManifest.xml:5:5-67
12-->src\main\AndroidManifest.xml:5:22-65
13    <uses-permission android:name="android.permission.FOREGROUND_SERVICE" />
13-->src\main\AndroidManifest.xml:6:5-76
13-->src\main\AndroidManifest.xml:6:22-74
14    <uses-permission android:name="android.permission.ACCESS_NETWORK_STATE" />
14-->[com.google.android.exoplayer:exoplayer-core:2.15.0] AndroidManifest.xml:24:5-79
14-->[com.google.android.exoplayer:exoplayer-core:2.15.0] AndroidManifest.xml:24:22-76
15
16    <queries>
16-->[androidx.media2:media2-session:1.1.3] AndroidManifest.xml:24:5-34:15
17        <intent>
17-->[androidx.media2:media2-session:1.1.3] AndroidManifest.xml:25:9-27:18
18            <action android:name="android.media.browse.MediaBrowserService" />
18-->src\main\AndroidManifest.xml:34:17-83
18-->src\main\AndroidManifest.xml:34:25-80
19        </intent>
20        <intent>
20-->[androidx.media2:media2-session:1.1.3] AndroidManifest.xml:28:9-30:18
21            <action android:name="androidx.media2.session.MediaSessionService" />
21-->[androidx.media2:media2-session:1.1.3] AndroidManifest.xml:29:13-82
21-->[androidx.media2:media2-session:1.1.3] AndroidManifest.xml:29:21-79
22        </intent>
23        <intent>
23-->[androidx.media2:media2-session:1.1.3] AndroidManifest.xml:31:9-33:18
24            <action android:name="androidx.media2.session.MediaLibraryService" />
24-->[androidx.media2:media2-session:1.1.3] AndroidManifest.xml:32:13-82
24-->[androidx.media2:media2-session:1.1.3] AndroidManifest.xml:32:21-79
25        </intent>
26    </queries>
27
28    <uses-permission android:name="com.android.vending.BILLING" />
28-->[com.android.billingclient:billing:4.0.0] AndroidManifest.xml:10:5-67
28-->[com.android.billingclient:billing:4.0.0] AndroidManifest.xml:10:22-64
29    <!--
30 io.flutter.app.FlutterApplication is an android.app.Application that
31         calls FlutterMain.startInitialization(this); in its onCreate method.
32         In most cases you can leave this as-is, but you if you want to provide
33         additional functionality it is fine to subclass or reimplement
34         FlutterApplication and put your custom class here.
35    -->
36    <application
36-->src\main\AndroidManifest.xml:13:5-47:19
37        android:name="androidx.multidex.MultiDexApplication"
38        android:appComponentFactory="androidx.core.app.CoreComponentFactory"
38-->[androidx.core:core:1.6.0] AndroidManifest.xml:24:18-86
39        android:icon="@mipmap/ic_launcher"
39-->src\main\AndroidManifest.xml:16:9-43
40        android:label="just_audio_example"
40-->src\main\AndroidManifest.xml:15:9-43
41        android:usesCleartextTraffic="true" >
41-->src\main\AndroidManifest.xml:14:9-44
42        <activity
42-->src\main\AndroidManifest.xml:18:9-30:20
43            android:name="com.ryanheise.audioservice.AudioServiceActivity"
43-->src\main\AndroidManifest.xml:19:13-75
44            android:configChanges="orientation|keyboardHidden|keyboard|screenSize|locale|layoutDirection|fontScale|screenLayout|density|uiMode"
44-->src\main\AndroidManifest.xml:22:13-144
45            android:exported="true"
45-->src\main\AndroidManifest.xml:25:13-36
46            android:hardwareAccelerated="true"
46-->src\main\AndroidManifest.xml:23:13-47
47            android:launchMode="singleTop"
47-->src\main\AndroidManifest.xml:20:13-43
48            android:theme="@style/LaunchTheme"
48-->src\main\AndroidManifest.xml:21:13-47
49            android:windowSoftInputMode="adjustResize" >
49-->src\main\AndroidManifest.xml:24:13-55
50            <intent-filter>
50-->src\main\AndroidManifest.xml:26:13-29:29
51                <action android:name="android.intent.action.MAIN" />
51-->src\main\AndroidManifest.xml:27:17-68
51-->src\main\AndroidManifest.xml:27:25-66
52
53                <category android:name="android.intent.category.LAUNCHER" />
53-->src\main\AndroidManifest.xml:28:17-76
53-->src\main\AndroidManifest.xml:28:27-74
54            </intent-filter>
55        </activity>
56
57        <service
57-->src\main\AndroidManifest.xml:32:9-36:19
58            android:name="com.ryanheise.audioservice.AudioService"
58-->src\main\AndroidManifest.xml:32:18-72
59            android:exported="true" >
59-->src\main\AndroidManifest.xml:32:73-96
60            <intent-filter>
60-->src\main\AndroidManifest.xml:33:13-35:29
61                <action android:name="android.media.browse.MediaBrowserService" />
61-->src\main\AndroidManifest.xml:34:17-83
61-->src\main\AndroidManifest.xml:34:25-80
62            </intent-filter>
63        </service>
64
65        <receiver
65-->src\main\AndroidManifest.xml:38:9-42:20
66            android:name="com.ryanheise.audioservice.MediaButtonReceiver"
66-->src\main\AndroidManifest.xml:38:19-80
67            android:exported="true" >
67-->src\main\AndroidManifest.xml:38:81-104
68            <intent-filter>
68-->src\main\AndroidManifest.xml:39:13-41:29
69                <action android:name="android.intent.action.MEDIA_BUTTON" />
69-->src\main\AndroidManifest.xml:40:17-77
69-->src\main\AndroidManifest.xml:40:25-74
70            </intent-filter>
71        </receiver>
72
73        <meta-data
73-->src\main\AndroidManifest.xml:44:9-46:33
74            android:name="flutterEmbedding"
74-->src\main\AndroidManifest.xml:45:13-44
75            android:value="2" />
75-->src\main\AndroidManifest.xml:46:13-30
76
77        <activity
77-->[:url_launcher_android] AndroidManifest.xml:8:9-11:74
78            android:name="io.flutter.plugins.urllauncher.WebViewActivity"
78-->[:url_launcher_android] AndroidManifest.xml:9:13-74
79            android:exported="false"
79-->[:url_launcher_android] AndroidManifest.xml:10:13-37
80            android:theme="@android:style/Theme.NoTitleBar.Fullscreen" />
80-->[:url_launcher_android] AndroidManifest.xml:11:13-71
81
82        <provider
82-->[:share_files_and_screenshot_widgets] AndroidManifest.xml:8:9-16:20
83            android:name="com.twwm.share_files_and_screenshot_widgets.ShareFilesAndScreenshotWidgetsFileProvider"
83-->[:share_files_and_screenshot_widgets] AndroidManifest.xml:9:13-114
84            android:authorities="com.example.pueblo_vista.fileprovider.share_files_and_screenshot_widgets"
84-->[:share_files_and_screenshot_widgets] AndroidManifest.xml:10:13-99
85            android:exported="false"
85-->[:share_files_and_screenshot_widgets] AndroidManifest.xml:11:13-37
86            android:grantUriPermissions="true" >
86-->[:share_files_and_screenshot_widgets] AndroidManifest.xml:12:13-47
87            <meta-data
87-->[:share_files_and_screenshot_widgets] AndroidManifest.xml:13:13-15:78
88                android:name="android.support.FILE_PROVIDER_PATHS"
88-->[:share_files_and_screenshot_widgets] AndroidManifest.xml:14:17-67
89                android:resource="@xml/share_files_and_screenshot_widgets" />
89-->[:share_files_and_screenshot_widgets] AndroidManifest.xml:15:17-75
90        </provider>
91
92        <uses-library
92-->[androidx.window:window:1.0.0-beta04] AndroidManifest.xml:25:9-27:40
93            android:name="androidx.window.extensions"
93-->[androidx.window:window:1.0.0-beta04] AndroidManifest.xml:26:13-54
94            android:required="false" />
94-->[androidx.window:window:1.0.0-beta04] AndroidManifest.xml:27:13-37
95        <uses-library
95-->[androidx.window:window:1.0.0-beta04] AndroidManifest.xml:28:9-30:40
96            android:name="androidx.window.sidecar"
96-->[androidx.window:window:1.0.0-beta04] AndroidManifest.xml:29:13-51
97            android:required="false" />
97-->[androidx.window:window:1.0.0-beta04] AndroidManifest.xml:30:13-37
98
99        <meta-data
99-->[com.google.android.gms:play-services-basement:17.0.0] AndroidManifest.xml:23:9-25:69
100            android:name="com.google.android.gms.version"
100-->[com.google.android.gms:play-services-basement:17.0.0] AndroidManifest.xml:24:13-58
101            android:value="@integer/google_play_services_version" />
101-->[com.google.android.gms:play-services-basement:17.0.0] AndroidManifest.xml:25:13-66
102
103        <provider
103-->[androidx.lifecycle:lifecycle-process:2.3.0-rc01] AndroidManifest.xml:25:9-29:43
104            android:name="androidx.lifecycle.ProcessLifecycleOwnerInitializer"
104-->[androidx.lifecycle:lifecycle-process:2.3.0-rc01] AndroidManifest.xml:26:13-79
105            android:authorities="com.example.pueblo_vista.lifecycle-process"
105-->[androidx.lifecycle:lifecycle-process:2.3.0-rc01] AndroidManifest.xml:27:13-69
106            android:exported="false"
106-->[androidx.lifecycle:lifecycle-process:2.3.0-rc01] AndroidManifest.xml:28:13-37
107            android:multiprocess="true" />
107-->[androidx.lifecycle:lifecycle-process:2.3.0-rc01] AndroidManifest.xml:29:13-40
108
109        <meta-data
109-->[com.android.billingclient:billing:4.0.0] AndroidManifest.xml:13:9-15:37
110            android:name="com.google.android.play.billingclient.version"
110-->[com.android.billingclient:billing:4.0.0] AndroidManifest.xml:14:13-73
111            android:value="4.0.0" />
111-->[com.android.billingclient:billing:4.0.0] AndroidManifest.xml:15:13-34
112
113        <activity
113-->[com.android.billingclient:billing:4.0.0] AndroidManifest.xml:17:9-21:75
114            android:name="com.android.billingclient.api.ProxyBillingActivity"
114-->[com.android.billingclient:billing:4.0.0] AndroidManifest.xml:18:13-78
115            android:configChanges="keyboard|keyboardHidden|screenLayout|screenSize|orientation"
115-->[com.android.billingclient:billing:4.0.0] AndroidManifest.xml:19:13-96
116            android:exported="false"
116-->[com.android.billingclient:billing:4.0.0] AndroidManifest.xml:20:13-37
117            android:theme="@android:style/Theme.Translucent.NoTitleBar" />
117-->[com.android.billingclient:billing:4.0.0] AndroidManifest.xml:21:13-72
118    </application>
119
120</manifest>